<?xml version="1.0" encoding="UTF-8"?>
<testsuite xmlns:xsi="http://www.w3.org/2001/XMLSchema-instance" xsi:noNamespaceSchemaLocation="https://maven.apache.org/surefire/maven-failsafe-plugin/xsd/failsafe-test-report-3.0.xsd" version="3.0" name="fr.epsi.service.CommandeServiceIT" time="0.019" tests="3" errors="0" skipped="0" failures="0">
  <properties>
[...]
</properties>
  <testcase name="pipelineComplete_PanierPremium_CategorieGrande" classname="fr.epsi.service.CommandeServiceIT" time="0.009"/>
  <testcase name="pipelineComplete_RemiseTotale_TotalZero" classname="fr.epsi.service.CommandeServiceIT" time="0.0"/>
  <testcase name="pipelineComplete_PanierMixte_ResultatCoherent" classname="fr.epsi.service.CommandeServiceIT" time="0.0"/>
</testsuite>